<?xml version="1.0" encoding="UTF-8"?>
<!-- Generated by org.testng.reporters.JUnitXMLReporter -->
<testsuite ignored="0" hostname="DESKTOP-TQITTE4" failures="0" tests="2" name="Default test" time="4.258" errors="0" timestamp="2022-08-16T14:46:31 IST">
  <testcase classname="Practicejenkins_Framework1.CreateCampaignTest" name="createCampaignTest" time="4.22"/>
  <testcase classname="Practicejenkins_Framework1.CreateCampaignTest" name="createTask" time="0.001"/>
</testsuite> <!-- Default test -->
