<?xml version="1.0" encoding="UTF-8"?>
<testng-results ignored="0" total="2" passed="2" failed="0" skipped="0">
  <reporter-output>
  </reporter-output>
  <suite started-at="2022-08-16T14:46:27 IST" name="Default suite" finished-at="2022-08-16T14:46:31 IST" duration-ms="4258">
    <groups>
    </groups>
    <test started-at="2022-08-16T14:46:27 IST" name="Default test" finished-at="2022-08-16T14:46:31 IST" duration-ms="4258">
      <class name="Practicejenkins_Framework1.CreateCampaignTest">
        <test-method signature="createCampaignTest()[pri:0, instance:Practicejenkins_Framework1.CreateCampaignTest@3059cbc]" started-at="2022-08-16T14:46:27 IST" name="createCampaignTest" finished-at="2022-08-16T14:46:31 IST" duration-ms="4220" status="PASS">
          <reporter-output>
          </reporter-output>
        </test-method> <!-- createCampaignTest -->
        <test-method signature="createTask()[pri:0, instance:Practicejenkins_Framework1.CreateCampaignTest@3059cbc]" started-at="2022-08-16T14:46:31 IST" name="createTask" finished-at="2022-08-16T14:46:31 IST" duration-ms="1" status="PASS">
          <reporter-output>
          </reporter-output>
        </test-method> <!-- createTask -->
      </class> <!-- Practicejenkins_Framework1.CreateCampaignTest -->
    </test> <!-- Default test -->
  </suite> <!-- Default suite -->
</testng-results>
