<?xml version="1.0" encoding="UTF-8"?>
<testng-results ignored="0" total="1" passed="1" failed="0" skipped="0">
  <reporter-output>
  </reporter-output>
  <suite started-at="2022-08-16T16:28:58 IST" name="Default suite" finished-at="2022-08-16T16:29:01 IST" duration-ms="2318">
    <groups>
    </groups>
    <test started-at="2022-08-16T16:28:58 IST" name="Default test" finished-at="2022-08-16T16:29:01 IST" duration-ms="2318">
      <class name="Practicejenkins_Framework1.CreateCampaignTest">
        <test-method signature="createCampaignTest()[pri:0, instance:Practicejenkins_Framework1.CreateCampaignTest@6babf3bf]" started-at="2022-08-16T16:28:58 IST" name="createCampaignTest" finished-at="2022-08-16T16:29:01 IST" duration-ms="2273" status="PASS">
          <reporter-output>
          </reporter-output>
        </test-method> <!-- createCampaignTest -->
      </class> <!-- Practicejenkins_Framework1.CreateCampaignTest -->
    </test> <!-- Default test -->
  </suite> <!-- Default suite -->
</testng-results>
